  소스.cpp
C:\Users\LG\Documents\GitHub\Sonyoungjin---2022-\8주차\p353 도전예제 (최종)\p353 도전예제 (최종)\소스.cpp(15,2): warning C4996: 'scanf': This function or variable may be unsafe. Consider using scanf_s instead. To disable deprecation, use _CRT_SECURE_NO_WARNINGS. See online help for details.
C:\Users\LG\Documents\GitHub\Sonyoungjin---2022-\8주차\p353 도전예제 (최종)\p353 도전예제 (최종)\소스.cpp(21,3): warning C4996: 'strcpy': This function or variable may be unsafe. Consider using strcpy_s instead. To disable deprecation, use _CRT_SECURE_NO_WARNINGS. See online help for details.
C:\Users\LG\Documents\GitHub\Sonyoungjin---2022-\8주차\p353 도전예제 (최종)\p353 도전예제 (최종)\소스.cpp(22,3): warning C4996: 'strcpy': This function or variable may be unsafe. Consider using strcpy_s instead. To disable deprecation, use _CRT_SECURE_NO_WARNINGS. See online help for details.
C:\Users\LG\Documents\GitHub\Sonyoungjin---2022-\8주차\p353 도전예제 (최종)\p353 도전예제 (최종)\소스.cpp(23,3): warning C4996: 'strcpy': This function or variable may be unsafe. Consider using strcpy_s instead. To disable deprecation, use _CRT_SECURE_NO_WARNINGS. See online help for details.
C:\Users\LG\Documents\GitHub\Sonyoungjin---2022-\8주차\p353 도전예제 (최종)\p353 도전예제 (최종)\소스.cpp(27,3): warning C4996: 'strcpy': This function or variable may be unsafe. Consider using strcpy_s instead. To disable deprecation, use _CRT_SECURE_NO_WARNINGS. See online help for details.
C:\Users\LG\Documents\GitHub\Sonyoungjin---2022-\8주차\p353 도전예제 (최종)\p353 도전예제 (최종)\소스.cpp(28,6): warning C4996: 'strcpy': This function or variable may be unsafe. Consider using strcpy_s instead. To disable deprecation, use _CRT_SECURE_NO_WARNINGS. See online help for details.
C:\Users\LG\Documents\GitHub\Sonyoungjin---2022-\8주차\p353 도전예제 (최종)\p353 도전예제 (최종)\소스.cpp(29,3): warning C4996: 'strcpy': This function or variable may be unsafe. Consider using strcpy_s instead. To disable deprecation, use _CRT_SECURE_NO_WARNINGS. See online help for details.
C:\Users\LG\Documents\GitHub\Sonyoungjin---2022-\8주차\p353 도전예제 (최종)\p353 도전예제 (최종)\소스.cpp(32,3): warning C4996: 'strcpy': This function or variable may be unsafe. Consider using strcpy_s instead. To disable deprecation, use _CRT_SECURE_NO_WARNINGS. See online help for details.
C:\Users\LG\Documents\GitHub\Sonyoungjin---2022-\8주차\p353 도전예제 (최종)\p353 도전예제 (최종)\소스.cpp(33,3): warning C4996: 'strcpy': This function or variable may be unsafe. Consider using strcpy_s instead. To disable deprecation, use _CRT_SECURE_NO_WARNINGS. See online help for details.
C:\Users\LG\Documents\GitHub\Sonyoungjin---2022-\8주차\p353 도전예제 (최종)\p353 도전예제 (최종)\소스.cpp(34,3): warning C4996: 'strcpy': This function or variable may be unsafe. Consider using strcpy_s instead. To disable deprecation, use _CRT_SECURE_NO_WARNINGS. See online help for details.
C:\Users\LG\Documents\GitHub\Sonyoungjin---2022-\8주차\p353 도전예제 (최종)\p353 도전예제 (최종)\소스.cpp(37,9): error C4430: 형식 지정자가 없습니다. int로 가정합니다. 참고: C++에서는 기본 int를 지원하지 않습니다.
C:\Users\LG\Documents\GitHub\Sonyoungjin---2022-\8주차\p353 도전예제 (최종)\p353 도전예제 (최종)\소스.cpp(37,2): error C2365: 'printf': 재정의: 이전 정의는 '함수'입니다.
C:\Program Files (x86)\Windows Kits\10\Include\10.0.19041.0\ucrt\stdio.h(950): message : 'printf' 선언을 참조하십시오.
C:\Users\LG\Documents\GitHub\Sonyoungjin---2022-\8주차\p353 도전예제 (최종)\p353 도전예제 (최종)\소스.cpp(37,23): error C2065: 'str': 선언되지 않은 식별자입니다.
C:\Users\LG\Documents\GitHub\Sonyoungjin---2022-\8주차\p353 도전예제 (최종)\p353 도전예제 (최종)\소스.cpp(37,28): error C2065: 'str1': 선언되지 않은 식별자입니다.
C:\Users\LG\Documents\GitHub\Sonyoungjin---2022-\8주차\p353 도전예제 (최종)\p353 도전예제 (최종)\소스.cpp(37,34): error C2065: 'str2': 선언되지 않은 식별자입니다.
C:\Users\LG\Documents\GitHub\Sonyoungjin---2022-\8주차\p353 도전예제 (최종)\p353 도전예제 (최종)\소스.cpp(39,2): error C2059: 구문 오류: 'return'
C:\Users\LG\Documents\GitHub\Sonyoungjin---2022-\8주차\p353 도전예제 (최종)\p353 도전예제 (최종)\소스.cpp(40,1): error C2059: 구문 오류: '}'
C:\Users\LG\Documents\GitHub\Sonyoungjin---2022-\8주차\p353 도전예제 (최종)\p353 도전예제 (최종)\소스.cpp(40,1): error C2143: 구문 오류: ';'이(가) '}' 앞에 없습니다.
